Model=simpleNet, Fold=0 Epoch=1, Train Loss=28.763935089111328, Valid Loss=6.447528839111328, Valid ROC AUC=0.5124137931034483/0.5124137931034483
Model=simpleNet, Fold=0 Epoch=2, Train Loss=25.253440856933594, Valid Loss=7.855048179626465, Valid ROC AUC=0.5259770114942529/0.5259770114942529
Model=simpleNet, Fold=0 Epoch=3, Train Loss=21.498348236083984, Valid Loss=7.039124011993408, Valid ROC AUC=0.5552873563218391/0.5552873563218391
Model=simpleNet, Fold=0 Epoch=4, Train Loss=17.137344360351562, Valid Loss=8.7899169921875, Valid ROC AUC=0.5116091954022989/0.5552873563218391
Model=simpleNet, Fold=0 Epoch=5, Train Loss=11.20960807800293, Valid Loss=9.440117835998535, Valid ROC AUC=0.5127586206896552/0.5552873563218391
Model=simpleNet, Fold=0 Epoch=6, Train Loss=9.493158340454102, Valid Loss=11.534340858459473, Valid ROC AUC=0.5198850574712643/0.5552873563218391
Model=simpleNet, Fold=0 Epoch=7, Train Loss=5.31827449798584, Valid Loss=13.180304527282715, Valid ROC AUC=0.5060919540229885/0.5552873563218391
Model=simpleNet, Fold=0 Epoch=8, Train Loss=3.618710994720459, Valid Loss=16.62100601196289, Valid ROC AUC=0.4917241379310344/0.5552873563218391
Model=simpleNet, Fold=0 Epoch=9, Train Loss=1.6812679767608643, Valid Loss=18.431787490844727, Valid ROC AUC=0.4614942528735632/0.5552873563218391
Model=simpleNet, Fold=0 Epoch=10, Train Loss=1.7585504055023193, Valid Loss=16.40042495727539, Valid ROC AUC=0.4902298850574712/0.5552873563218391
Model=simpleNet, Fold=1 Epoch=1, Train Loss=29.249961853027344, Valid Loss=6.669289588928223, Valid ROC AUC=0.5166871302600736/0.5166871302600736
Model=simpleNet, Fold=1 Epoch=2, Train Loss=24.862388610839844, Valid Loss=6.807363986968994, Valid ROC AUC=0.5092086170331509/0.5166871302600736
Model=simpleNet, Fold=1 Epoch=3, Train Loss=22.187786102294922, Valid Loss=7.268771648406982, Valid ROC AUC=0.5538564571938833/0.5538564571938833
Model=simpleNet, Fold=1 Epoch=4, Train Loss=18.94688606262207, Valid Loss=7.518357276916504, Valid ROC AUC=0.540796963946869/0.5538564571938833
Model=simpleNet, Fold=1 Epoch=5, Train Loss=14.459433555603027, Valid Loss=7.982429504394531, Valid ROC AUC=0.5870074785132269/0.5870074785132269
Model=simpleNet, Fold=1 Epoch=6, Train Loss=9.785948753356934, Valid Loss=10.727663040161133, Valid ROC AUC=0.5589909588123675/0.5870074785132269
Model=simpleNet, Fold=1 Epoch=7, Train Loss=6.946144104003906, Valid Loss=13.136998176574707, Valid ROC AUC=0.5565353276035272/0.5870074785132269
Model=simpleNet, Fold=1 Epoch=8, Train Loss=4.140835762023926, Valid Loss=12.675759315490723, Valid ROC AUC=0.5574282844067419/0.5870074785132269
Model=simpleNet, Fold=1 Epoch=9, Train Loss=2.8325865268707275, Valid Loss=16.688936233520508, Valid ROC AUC=0.561223350820404/0.5870074785132269
Model=simpleNet, Fold=1 Epoch=10, Train Loss=3.279668092727661, Valid Loss=15.900038719177246, Valid ROC AUC=0.5756222792722402/0.5870074785132269
Model=simpleNet, Fold=2 Epoch=1, Train Loss=29.914819717407227, Valid Loss=6.516053676605225, Valid ROC AUC=0.4780667485210402/0.4780667485210402
Model=simpleNet, Fold=2 Epoch=2, Train Loss=24.540809631347656, Valid Loss=6.7784743309021, Valid ROC AUC=0.4753878781113964/0.4780667485210402
Model=simpleNet, Fold=2 Epoch=3, Train Loss=20.970138549804688, Valid Loss=7.508935451507568, Valid ROC AUC=0.4314097555530751/0.4780667485210402
Model=simpleNet, Fold=2 Epoch=4, Train Loss=17.892250061035156, Valid Loss=7.9441375732421875, Valid ROC AUC=0.45116642482419916/0.4780667485210402
Model=simpleNet, Fold=2 Epoch=5, Train Loss=12.668386459350586, Valid Loss=9.446837425231934, Valid ROC AUC=0.4780667485210403/0.4780667485210403
Model=simpleNet, Fold=2 Epoch=6, Train Loss=7.654870510101318, Valid Loss=12.303547859191895, Valid ROC AUC=0.44826431521375154/0.4780667485210403
Model=simpleNet, Fold=2 Epoch=7, Train Loss=6.4161295890808105, Valid Loss=13.795204162597656, Valid ROC AUC=0.47036499609331395/0.4780667485210403
Model=simpleNet, Fold=2 Epoch=8, Train Loss=3.432713747024536, Valid Loss=19.9647274017334, Valid ROC AUC=0.46043085165755104/0.4780667485210403
Model=simpleNet, Fold=2 Epoch=9, Train Loss=2.2420601844787598, Valid Loss=17.6585750579834, Valid ROC AUC=0.4461435428061168/0.4780667485210403
Model=simpleNet, Fold=2 Epoch=10, Train Loss=1.8134117126464844, Valid Loss=22.302528381347656, Valid ROC AUC=0.4540685344346468/0.4780667485210403
Model=simpleNet, Fold=3 Epoch=1, Train Loss=29.865419387817383, Valid Loss=6.701414108276367, Valid ROC AUC=0.4564125460430852/0.4564125460430852
Model=simpleNet, Fold=3 Epoch=2, Train Loss=24.755617141723633, Valid Loss=6.755218029022217, Valid ROC AUC=0.4569706440450943/0.4569706440450943
Model=simpleNet, Fold=3 Epoch=3, Train Loss=22.563514709472656, Valid Loss=7.927812576293945, Valid ROC AUC=0.4343118651635227/0.4569706440450943
Model=simpleNet, Fold=3 Epoch=4, Train Loss=17.96506690979004, Valid Loss=7.726346015930176, Valid ROC AUC=0.4310748967518697/0.4569706440450943
Model=simpleNet, Fold=3 Epoch=5, Train Loss=11.970521926879883, Valid Loss=9.87018871307373, Valid ROC AUC=0.39345909141645274/0.4569706440450943
Model=simpleNet, Fold=3 Epoch=6, Train Loss=8.641716957092285, Valid Loss=10.609264373779297, Valid ROC AUC=0.36410313651077125/0.4569706440450943
Model=simpleNet, Fold=3 Epoch=7, Train Loss=6.276161193847656, Valid Loss=13.256089210510254, Valid ROC AUC=0.37225136734010494/0.4569706440450943
Model=simpleNet, Fold=3 Epoch=8, Train Loss=2.9993488788604736, Valid Loss=16.12998390197754, Valid ROC AUC=0.3912266994084161/0.4569706440450943
Model=simpleNet, Fold=3 Epoch=9, Train Loss=2.540407180786133, Valid Loss=21.648521423339844, Valid ROC AUC=0.3710235517356848/0.4569706440450943
Model=simpleNet, Fold=3 Epoch=10, Train Loss=1.2342839241027832, Valid Loss=21.60719871520996, Valid ROC AUC=0.3658890501172005/0.4569706440450943
Model=simpleNet, Fold=4 Epoch=1, Train Loss=28.872329711914062, Valid Loss=6.666104316711426, Valid ROC AUC=0.49090300256725083/0.49090300256725083
Model=simpleNet, Fold=4 Epoch=2, Train Loss=24.368560791015625, Valid Loss=6.682554244995117, Valid ROC AUC=0.46802098448487556/0.49090300256725083
Model=simpleNet, Fold=4 Epoch=3, Train Loss=23.346080780029297, Valid Loss=6.959936141967773, Valid ROC AUC=0.4537336756334413/0.49090300256725083
Model=simpleNet, Fold=4 Epoch=4, Train Loss=19.7750186920166, Valid Loss=8.096114158630371, Valid ROC AUC=0.4397812255832125/0.49090300256725083
Model=simpleNet, Fold=4 Epoch=5, Train Loss=18.23386573791504, Valid Loss=8.537686347961426, Valid ROC AUC=0.48721955575399034/0.49090300256725083
Model=simpleNet, Fold=4 Epoch=6, Train Loss=12.267815589904785, Valid Loss=10.936335563659668, Valid ROC AUC=0.4394463667820069/0.49090300256725083
Model=simpleNet, Fold=4 Epoch=7, Train Loss=9.286195755004883, Valid Loss=11.563761711120605, Valid ROC AUC=0.45272909922982474/0.49090300256725083
Model=simpleNet, Fold=4 Epoch=8, Train Loss=6.728960990905762, Valid Loss=12.896510124206543, Valid ROC AUC=0.43330728875990626/0.49090300256725083
Model=simpleNet, Fold=4 Epoch=9, Train Loss=3.9300990104675293, Valid Loss=13.983163833618164, Valid ROC AUC=0.4393347471816051/0.49090300256725083
Model=simpleNet, Fold=4 Epoch=10, Train Loss=2.6787924766540527, Valid Loss=17.62804412841797, Valid ROC AUC=0.45786360084830896/0.49090300256725083
Model=simpleNet-Augment, Fold=0 Epoch=1, Train Loss=32.09109878540039, Valid Loss=6.876509189605713, Valid ROC AUC=0.4768965517241379/0.4768965517241379
Model=simpleNet-Augment, Fold=0 Epoch=2, Train Loss=22.09521484375, Valid Loss=8.285123825073242, Valid ROC AUC=0.4929885057471264/0.4929885057471264
Model=simpleNet-Augment, Fold=0 Epoch=3, Train Loss=15.169648170471191, Valid Loss=9.052490234375, Valid ROC AUC=0.4627586206896551/0.4929885057471264
Model=simpleNet-Augment, Fold=0 Epoch=4, Train Loss=9.7454252243042, Valid Loss=10.046515464782715, Valid ROC AUC=0.44701149425287356/0.4929885057471264
Model=simpleNet-Augment, Fold=0 Epoch=5, Train Loss=6.111310005187988, Valid Loss=13.65466022491455, Valid ROC AUC=0.442183908045977/0.4929885057471264
Model=simpleNet-Augment, Fold=0 Epoch=6, Train Loss=4.08316707611084, Valid Loss=14.36807918548584, Valid ROC AUC=0.45218390804597697/0.4929885057471264
Model=simpleNet-Augment, Fold=0 Epoch=7, Train Loss=2.8276662826538086, Valid Loss=15.972553253173828, Valid ROC AUC=0.5079310344827587/0.5079310344827587
Model=simpleNet-Augment, Fold=0 Epoch=8, Train Loss=2.4847264289855957, Valid Loss=17.770763397216797, Valid ROC AUC=0.49551724137931036/0.5079310344827587
Model=simpleNet-Augment, Fold=0 Epoch=9, Train Loss=3.091417074203491, Valid Loss=14.871185302734375, Valid ROC AUC=0.507816091954023/0.5079310344827587
Model=simpleNet-Augment, Fold=0 Epoch=10, Train Loss=1.4732612371444702, Valid Loss=20.37785530090332, Valid ROC AUC=0.4926436781609196/0.5079310344827587
Model=simpleNet-Augment, Fold=1 Epoch=1, Train Loss=28.433727264404297, Valid Loss=6.748490810394287, Valid ROC AUC=0.5147895970532425/0.5147895970532425
Model=simpleNet-Augment, Fold=1 Epoch=2, Train Loss=24.759414672851562, Valid Loss=6.874383926391602, Valid ROC AUC=0.4970420805893515/0.5147895970532425
Model=simpleNet-Augment, Fold=1 Epoch=3, Train Loss=22.31165885925293, Valid Loss=7.471765995025635, Valid ROC AUC=0.49056814376604535/0.5147895970532425
Model=simpleNet-Augment, Fold=1 Epoch=4, Train Loss=17.96745491027832, Valid Loss=9.346366882324219, Valid ROC AUC=0.5049670722178814/0.5147895970532425
Model=simpleNet-Augment, Fold=1 Epoch=5, Train Loss=12.167123794555664, Valid Loss=9.48192024230957, Valid ROC AUC=0.505971648621498/0.5147895970532425
Model=simpleNet-Augment, Fold=1 Epoch=6, Train Loss=7.883181571960449, Valid Loss=11.474303245544434, Valid ROC AUC=0.5104364326375712/0.5147895970532425
Model=simpleNet-Augment, Fold=1 Epoch=7, Train Loss=5.033202648162842, Valid Loss=17.027490615844727, Valid ROC AUC=0.4654537336756335/0.5147895970532425
Model=simpleNet-Augment, Fold=1 Epoch=8, Train Loss=3.4083640575408936, Valid Loss=20.361486434936523, Valid ROC AUC=0.4646723964728206/0.5147895970532425
Model=simpleNet-Augment, Fold=1 Epoch=9, Train Loss=3.740980863571167, Valid Loss=22.290897369384766, Valid ROC AUC=0.47092309409532307/0.5147895970532425
Model=simpleNet-Augment, Fold=1 Epoch=10, Train Loss=2.448861598968506, Valid Loss=21.546810150146484, Valid ROC AUC=0.4709230940953231/0.5147895970532425
Model=simpleNet-Augment, Fold=2 Epoch=1, Train Loss=30.29911994934082, Valid Loss=6.792492389678955, Valid ROC AUC=0.6028574617702869/0.6028574617702869
Model=simpleNet-Augment, Fold=2 Epoch=2, Train Loss=24.36552619934082, Valid Loss=6.586696147918701, Valid ROC AUC=0.5865610001116196/0.6028574617702869
Model=simpleNet-Augment, Fold=2 Epoch=3, Train Loss=21.535263061523438, Valid Loss=7.077483654022217, Valid ROC AUC=0.5916955017301038/0.6028574617702869
Model=simpleNet-Augment, Fold=2 Epoch=4, Train Loss=15.30420970916748, Valid Loss=8.461113929748535, Valid ROC AUC=0.5509543475834356/0.6028574617702869
Model=simpleNet-Augment, Fold=2 Epoch=5, Train Loss=9.997119903564453, Valid Loss=8.728403091430664, Valid ROC AUC=0.579752204487108/0.6028574617702869
Model=simpleNet-Augment, Fold=2 Epoch=6, Train Loss=5.554717540740967, Valid Loss=11.1644926071167, Valid ROC AUC=0.5511775867842392/0.6028574617702869
Model=simpleNet-Augment, Fold=2 Epoch=7, Train Loss=3.206566095352173, Valid Loss=13.208677291870117, Valid ROC AUC=0.5812032592923317/0.6028574617702869
Model=simpleNet-Augment, Fold=2 Epoch=8, Train Loss=1.7442042827606201, Valid Loss=14.637173652648926, Valid ROC AUC=0.5742828440674183/0.6028574617702869
Model=simpleNet-Augment, Fold=2 Epoch=9, Train Loss=1.7576806545257568, Valid Loss=14.818120956420898, Valid ROC AUC=0.5789708672842951/0.6028574617702869
Model=simpleNet-Augment, Fold=2 Epoch=10, Train Loss=0.8950296640396118, Valid Loss=20.610647201538086, Valid ROC AUC=0.5685902444469249/0.6028574617702869
Model=simpleNet-Augment, Fold=3 Epoch=1, Train Loss=32.90857696533203, Valid Loss=6.507306098937988, Valid ROC AUC=0.5603303940171894/0.5603303940171894
Model=simpleNet-Augment, Fold=3 Epoch=2, Train Loss=23.574094772338867, Valid Loss=8.020222663879395, Valid ROC AUC=0.4814153365330952/0.5603303940171894
Model=simpleNet-Augment, Fold=3 Epoch=3, Train Loss=19.70438575744629, Valid Loss=7.717906475067139, Valid ROC AUC=0.49079138296684893/0.5603303940171894
Model=simpleNet-Augment, Fold=3 Epoch=4, Train Loss=14.918580055236816, Valid Loss=8.882040023803711, Valid ROC AUC=0.4556312088402724/0.5603303940171894
Model=simpleNet-Augment, Fold=3 Epoch=5, Train Loss=10.654692649841309, Valid Loss=10.684618949890137, Valid ROC AUC=0.4771737917178256/0.5603303940171894
Model=simpleNet-Augment, Fold=3 Epoch=6, Train Loss=6.899786949157715, Valid Loss=12.036958694458008, Valid ROC AUC=0.4954794061837258/0.5603303940171894
Model=simpleNet-Augment, Fold=3 Epoch=7, Train Loss=5.307311534881592, Valid Loss=20.106201171875, Valid ROC AUC=0.44580868400491125/0.5603303940171894
Model=simpleNet-Augment, Fold=3 Epoch=8, Train Loss=4.138636589050293, Valid Loss=18.86882781982422, Valid ROC AUC=0.41689920750083714/0.5603303940171894
Model=simpleNet-Augment, Fold=3 Epoch=9, Train Loss=3.5827105045318604, Valid Loss=18.128936767578125, Valid ROC AUC=0.46645831007924987/0.5603303940171894
Model=simpleNet-Augment, Fold=3 Epoch=10, Train Loss=1.415929913520813, Valid Loss=23.24350357055664, Valid ROC AUC=0.4410090411876325/0.5603303940171894
Model=simpleNet-Augment, Fold=4 Epoch=1, Train Loss=30.280309677124023, Valid Loss=6.759848594665527, Valid ROC AUC=0.4866614577519813/0.4866614577519813
Model=simpleNet-Augment, Fold=4 Epoch=2, Train Loss=21.71923065185547, Valid Loss=7.932791233062744, Valid ROC AUC=0.4932470141756893/0.4932470141756893
Model=simpleNet-Augment, Fold=4 Epoch=3, Train Loss=16.7808780670166, Valid Loss=8.090118408203125, Valid ROC AUC=0.50731108382632/0.50731108382632
Model=simpleNet-Augment, Fold=4 Epoch=4, Train Loss=11.987282752990723, Valid Loss=10.893749237060547, Valid ROC AUC=0.5233843062841834/0.5233843062841834
Model=simpleNet-Augment, Fold=4 Epoch=5, Train Loss=5.954212188720703, Valid Loss=13.616464614868164, Valid ROC AUC=0.521710012278156/0.5233843062841834
Model=simpleNet-Augment, Fold=4 Epoch=6, Train Loss=3.790956497192383, Valid Loss=14.081241607666016, Valid ROC AUC=0.5266212746958366/0.5266212746958366
Model=simpleNet-Augment, Fold=4 Epoch=7, Train Loss=2.610858678817749, Valid Loss=15.300780296325684, Valid ROC AUC=0.5329835919187409/0.5329835919187409
Model=simpleNet-Augment, Fold=4 Epoch=8, Train Loss=1.3209106922149658, Valid Loss=17.346376419067383, Valid ROC AUC=0.5181381850652974/0.5329835919187409
Model=simpleNet-Augment, Fold=4 Epoch=9, Train Loss=0.9682090282440186, Valid Loss=19.688018798828125, Valid ROC AUC=0.5162406518584663/0.5329835919187409
Model=simpleNet-Augment, Fold=4 Epoch=10, Train Loss=0.5003935694694519, Valid Loss=19.978439331054688, Valid ROC AUC=0.5173568478624846/0.5329835919187409
Model=efficientnet-b1, Fold=0 Epoch=1, Train Loss=31.997156143188477, Valid Loss=8.462182998657227, Valid ROC AUC=0.4689655172413793/0.4689655172413793
Model=efficientnet-b1, Fold=0 Epoch=2, Train Loss=26.80869483947754, Valid Loss=7.329370975494385, Valid ROC AUC=0.5006321839080459/0.5006321839080459
Model=efficientnet-b1, Fold=0 Epoch=3, Train Loss=25.62485694885254, Valid Loss=6.437896251678467, Valid ROC AUC=0.47431034482758616/0.5006321839080459
Model=efficientnet-b1, Fold=0 Epoch=4, Train Loss=26.15630340576172, Valid Loss=6.309298515319824, Valid ROC AUC=0.5449425287356323/0.5449425287356323
Model=efficientnet-b1, Fold=0 Epoch=5, Train Loss=26.10218048095703, Valid Loss=6.2796478271484375, Valid ROC AUC=0.4801724137931034/0.5449425287356323
Model=efficientnet-b1, Fold=0 Epoch=6, Train Loss=26.050716400146484, Valid Loss=6.266177177429199, Valid ROC AUC=0.49632183908045974/0.5449425287356323
Model=efficientnet-b1, Fold=0 Epoch=7, Train Loss=26.64059066772461, Valid Loss=6.222231864929199, Valid ROC AUC=0.4944827586206897/0.5449425287356323
Model=efficientnet-b1, Fold=0 Epoch=8, Train Loss=26.08517074584961, Valid Loss=6.5048909187316895, Valid ROC AUC=0.536896551724138/0.5449425287356323
Model=efficientnet-b1, Fold=0 Epoch=9, Train Loss=25.646085739135742, Valid Loss=6.717095375061035, Valid ROC AUC=0.3873563218390805/0.5449425287356323
Model=efficientnet-b1, Fold=0 Epoch=10, Train Loss=25.66159439086914, Valid Loss=6.431602954864502, Valid ROC AUC=0.4904597701149426/0.5449425287356323
Model=efficientnet-b1, Fold=1 Epoch=1, Train Loss=31.367252349853516, Valid Loss=8.840532302856445, Valid ROC AUC=0.5/0.5
Model=efficientnet-b1, Fold=1 Epoch=2, Train Loss=26.544673919677734, Valid Loss=6.399955749511719, Valid ROC AUC=0.5161290322580645/0.5161290322580645
Model=efficientnet-b1, Fold=1 Epoch=3, Train Loss=27.171321868896484, Valid Loss=6.366905689239502, Valid ROC AUC=0.5425270677530974/0.5425270677530974
Model=efficientnet-b1, Fold=1 Epoch=4, Train Loss=26.49622917175293, Valid Loss=6.405361652374268, Valid ROC AUC=0.521710012278156/0.5425270677530974
Model=efficientnet-b1, Fold=1 Epoch=5, Train Loss=26.598691940307617, Valid Loss=6.400247097015381, Valid ROC AUC=0.5834356513003683/0.5834356513003683
Model=efficientnet-b1, Fold=1 Epoch=6, Train Loss=26.10894012451172, Valid Loss=6.405914306640625, Valid ROC AUC=0.5156825538564572/0.5834356513003683
Model=efficientnet-b1, Fold=1 Epoch=7, Train Loss=26.03002166748047, Valid Loss=6.525970458984375, Valid ROC AUC=0.48163857573389884/0.5834356513003683
Model=efficientnet-b1, Fold=1 Epoch=8, Train Loss=25.859474182128906, Valid Loss=6.795668125152588, Valid ROC AUC=0.46310972206719503/0.5834356513003683
Model=efficientnet-b1, Fold=1 Epoch=9, Train Loss=25.68423080444336, Valid Loss=6.313692569732666, Valid ROC AUC=0.5376716151356178/0.5834356513003683
Model=efficientnet-b1, Fold=1 Epoch=10, Train Loss=25.798173904418945, Valid Loss=6.922353744506836, Valid ROC AUC=0.43107489675186966/0.5834356513003683
Model=efficientnet-b1, Fold=2 Epoch=1, Train Loss=31.18743896484375, Valid Loss=8.089200973510742, Valid ROC AUC=0.4819176247349035/0.4819176247349035
Model=efficientnet-b1, Fold=2 Epoch=2, Train Loss=26.83494758605957, Valid Loss=6.409587860107422, Valid ROC AUC=0.49503292778211855/0.49503292778211855
Model=efficientnet-b1, Fold=2 Epoch=3, Train Loss=26.42120933532715, Valid Loss=6.446625232696533, Valid ROC AUC=0.5944859917401495/0.5944859917401495
Model=efficientnet-b1, Fold=2 Epoch=4, Train Loss=26.640905380249023, Valid Loss=6.473902225494385, Valid ROC AUC=0.5814823082933364/0.5944859917401495
Model=efficientnet-b1, Fold=2 Epoch=5, Train Loss=26.090858459472656, Valid Loss=6.399204730987549, Valid ROC AUC=0.485545261747963/0.5944859917401495
Model=efficientnet-b1, Fold=2 Epoch=6, Train Loss=26.037012100219727, Valid Loss=7.1659040451049805, Valid ROC AUC=0.558656100011162/0.5944859917401495
Model=efficientnet-b1, Fold=2 Epoch=7, Train Loss=26.114429473876953, Valid Loss=6.385880470275879, Valid ROC AUC=0.4725973881013506/0.5944859917401495
Model=efficientnet-b1, Fold=2 Epoch=8, Train Loss=25.365642547607422, Valid Loss=6.478202819824219, Valid ROC AUC=0.5113293894407858/0.5944859917401495
Model=efficientnet-b1, Fold=2 Epoch=9, Train Loss=25.6337947845459, Valid Loss=6.481391906738281, Valid ROC AUC=0.5167987498604756/0.5944859917401495
Model=efficientnet-b1, Fold=2 Epoch=10, Train Loss=25.884475708007812, Valid Loss=6.586336135864258, Valid ROC AUC=0.4952561669829222/0.5944859917401495
Model=efficientnet-b1, Fold=3 Epoch=1, Train Loss=31.294466018676758, Valid Loss=7.568690776824951, Valid ROC AUC=0.4689697510882911/0.4689697510882911
Model=efficientnet-b1, Fold=3 Epoch=2, Train Loss=27.62395668029785, Valid Loss=6.494287967681885, Valid ROC AUC=0.4554079696394687/0.4689697510882911
Model=efficientnet-b1, Fold=3 Epoch=3, Train Loss=26.660167694091797, Valid Loss=6.363458633422852, Valid ROC AUC=0.5695948208505414/0.5695948208505414
Model=efficientnet-b1, Fold=3 Epoch=4, Train Loss=25.768735885620117, Valid Loss=6.485145568847656, Valid ROC AUC=0.571045875655765/0.571045875655765
Model=efficientnet-b1, Fold=3 Epoch=5, Train Loss=25.738765716552734, Valid Loss=6.525556564331055, Valid ROC AUC=0.6467239647282063/0.6467239647282063
Model=efficientnet-b1, Fold=3 Epoch=6, Train Loss=25.6015625, Valid Loss=6.462484359741211, Valid ROC AUC=0.6275253934590914/0.6467239647282063
Model=efficientnet-b1, Fold=3 Epoch=7, Train Loss=25.678813934326172, Valid Loss=6.396096706390381, Valid ROC AUC=0.489451947762027/0.6467239647282063
Model=efficientnet-b1, Fold=3 Epoch=8, Train Loss=25.6104679107666, Valid Loss=6.493744850158691, Valid ROC AUC=0.46802098448487556/0.6467239647282063
Model=efficientnet-b1, Fold=3 Epoch=9, Train Loss=25.655847549438477, Valid Loss=7.849972248077393, Valid ROC AUC=0.4811920973322915/0.6467239647282063
Model=efficientnet-b1, Fold=3 Epoch=10, Train Loss=25.21232032775879, Valid Loss=6.461300849914551, Valid ROC AUC=0.5135617814488224/0.6467239647282063
Model=efficientnet-b1, Fold=4 Epoch=1, Train Loss=31.41887092590332, Valid Loss=9.72729206085205, Valid ROC AUC=0.47750865051903113/0.47750865051903113
Model=efficientnet-b1, Fold=4 Epoch=2, Train Loss=27.132152557373047, Valid Loss=6.801277160644531, Valid ROC AUC=0.5100457640361648/0.5100457640361648
Model=efficientnet-b1, Fold=4 Epoch=3, Train Loss=26.31831169128418, Valid Loss=6.372984886169434, Valid ROC AUC=0.5740596048666146/0.5740596048666146
Model=efficientnet-b1, Fold=4 Epoch=4, Train Loss=26.339372634887695, Valid Loss=6.366583347320557, Valid ROC AUC=0.41098336867954016/0.5740596048666146
Model=efficientnet-b1, Fold=4 Epoch=5, Train Loss=26.007993698120117, Valid Loss=6.815495491027832, Valid ROC AUC=0.47516463891059274/0.5740596048666146
Model=efficientnet-b1, Fold=4 Epoch=6, Train Loss=25.51097869873047, Valid Loss=6.402633190155029, Valid ROC AUC=0.5123339658444022/0.5740596048666146
Model=efficientnet-b1, Fold=4 Epoch=7, Train Loss=25.659666061401367, Valid Loss=7.297752857208252, Valid ROC AUC=0.5325371135171336/0.5740596048666146
Model=efficientnet-b1, Fold=4 Epoch=8, Train Loss=25.46405601501465, Valid Loss=6.836542129516602, Valid ROC AUC=0.39368233061725644/0.5740596048666146
Model=efficientnet-b1, Fold=4 Epoch=9, Train Loss=25.74094581604004, Valid Loss=6.462161064147949, Valid ROC AUC=0.5021765822078357/0.5740596048666146
Model=efficientnet-b1, Fold=4 Epoch=10, Train Loss=25.613033294677734, Valid Loss=6.530138969421387, Valid ROC AUC=0.49547940618372593/0.5740596048666146
Model=efficientnet-b1-augment, Fold=0 Epoch=1, Train Loss=31.799644470214844, Valid Loss=8.226479530334473, Valid ROC AUC=0.4747701149425287/0.4747701149425287
Model=efficientnet-b1-augment, Fold=0 Epoch=2, Train Loss=27.301082611083984, Valid Loss=6.5658464431762695, Valid ROC AUC=0.44683908045977017/0.4747701149425287
Model=efficientnet-b1-augment, Fold=0 Epoch=3, Train Loss=26.955394744873047, Valid Loss=6.255385875701904, Valid ROC AUC=0.5567241379310346/0.5567241379310346
Model=efficientnet-b1-augment, Fold=0 Epoch=4, Train Loss=26.667255401611328, Valid Loss=6.2601399421691895, Valid ROC AUC=0.6181609195402299/0.6181609195402299
Model=efficientnet-b1-augment, Fold=0 Epoch=5, Train Loss=26.61914825439453, Valid Loss=6.246192455291748, Valid ROC AUC=0.3737931034482759/0.6181609195402299
Model=efficientnet-b1-augment, Fold=0 Epoch=6, Train Loss=26.097307205200195, Valid Loss=6.269876480102539, Valid ROC AUC=0.4711494252873563/0.6181609195402299
Model=efficientnet-b1-augment, Fold=0 Epoch=7, Train Loss=26.346355438232422, Valid Loss=6.6999335289001465, Valid ROC AUC=0.46011494252873564/0.6181609195402299
Model=efficientnet-b1-augment, Fold=0 Epoch=8, Train Loss=26.58893394470215, Valid Loss=6.263324737548828, Valid ROC AUC=0.5197701149425287/0.6181609195402299
Model=efficientnet-b1-augment, Fold=0 Epoch=9, Train Loss=26.00312042236328, Valid Loss=6.370931148529053, Valid ROC AUC=0.45678160919540234/0.6181609195402299
Model=efficientnet-b1-augment, Fold=0 Epoch=10, Train Loss=25.73122787475586, Valid Loss=6.370548725128174, Valid ROC AUC=0.548735632183908/0.6181609195402299
Model=efficientnet-b1-augment, Fold=1 Epoch=1, Train Loss=30.31186294555664, Valid Loss=8.79460334777832, Valid ROC AUC=0.5/0.5
Model=efficientnet-b1-augment, Fold=1 Epoch=2, Train Loss=29.090768814086914, Valid Loss=6.432598114013672, Valid ROC AUC=0.4839267775421364/0.5
Model=efficientnet-b1-augment, Fold=1 Epoch=3, Train Loss=26.76797103881836, Valid Loss=6.364930629730225, Valid ROC AUC=0.43464672396472825/0.5
Model=efficientnet-b1-augment, Fold=1 Epoch=4, Train Loss=26.800329208374023, Valid Loss=6.514477252960205, Valid ROC AUC=0.4957584551847305/0.5
Model=efficientnet-b1-augment, Fold=1 Epoch=5, Train Loss=26.593692779541016, Valid Loss=6.414435386657715, Valid ROC AUC=0.5115526286415895/0.5115526286415895
Model=efficientnet-b1-augment, Fold=1 Epoch=6, Train Loss=25.86128044128418, Valid Loss=6.464385032653809, Valid ROC AUC=0.4740484429065744/0.5115526286415895
Model=efficientnet-b1-augment, Fold=1 Epoch=7, Train Loss=26.167495727539062, Valid Loss=6.735591411590576, Valid ROC AUC=0.44826431521375154/0.5115526286415895
Model=efficientnet-b1-augment, Fold=1 Epoch=8, Train Loss=25.67488670349121, Valid Loss=6.41030216217041, Valid ROC AUC=0.5096550954347584/0.5115526286415895
Model=efficientnet-b1-augment, Fold=1 Epoch=9, Train Loss=25.905807495117188, Valid Loss=6.414945602416992, Valid ROC AUC=0.47438330170777987/0.5115526286415895
Model=efficientnet-b1-augment, Fold=1 Epoch=10, Train Loss=25.767074584960938, Valid Loss=6.3734450340271, Valid ROC AUC=0.5423596383524947/0.5423596383524947
Model=efficientnet-b1-augment, Fold=2 Epoch=1, Train Loss=31.203336715698242, Valid Loss=7.406494617462158, Valid ROC AUC=0.5687018640473267/0.5687018640473267
Model=efficientnet-b1-augment, Fold=2 Epoch=2, Train Loss=28.26040267944336, Valid Loss=6.437297821044922, Valid ROC AUC=0.4883357517580087/0.5687018640473267
Model=efficientnet-b1-augment, Fold=2 Epoch=3, Train Loss=26.342809677124023, Valid Loss=6.414566516876221, Valid ROC AUC=0.40562562786025225/0.5687018640473267
Model=efficientnet-b1-augment, Fold=2 Epoch=4, Train Loss=26.00423812866211, Valid Loss=6.382003307342529, Valid ROC AUC=0.46137961826096663/0.5687018640473267
Model=efficientnet-b1-augment, Fold=2 Epoch=5, Train Loss=25.206422805786133, Valid Loss=6.952212810516357, Valid ROC AUC=0.5384529523384306/0.5687018640473267
Model=efficientnet-b1-augment, Fold=2 Epoch=6, Train Loss=25.67724609375, Valid Loss=6.3312225341796875, Valid ROC AUC=0.5498381515794173/0.5687018640473267
Model=efficientnet-b1-augment, Fold=2 Epoch=7, Train Loss=25.80295181274414, Valid Loss=6.346866130828857, Valid ROC AUC=0.5468244223685679/0.5687018640473267
Model=efficientnet-b1-augment, Fold=2 Epoch=8, Train Loss=24.53489875793457, Valid Loss=8.262378692626953, Valid ROC AUC=0.5185846634669047/0.5687018640473267
Model=efficientnet-b1-augment, Fold=2 Epoch=9, Train Loss=24.24332618713379, Valid Loss=6.627025604248047, Valid ROC AUC=0.5277374706998549/0.5687018640473267
Model=efficientnet-b1-augment, Fold=2 Epoch=10, Train Loss=23.836000442504883, Valid Loss=6.736611366271973, Valid ROC AUC=0.5173568478624847/0.5687018640473267
Model=efficientnet-b1-augment, Fold=3 Epoch=1, Train Loss=31.252843856811523, Valid Loss=9.008313179016113, Valid ROC AUC=0.4648398258734234/0.4648398258734234
Model=efficientnet-b1-augment, Fold=3 Epoch=2, Train Loss=27.268619537353516, Valid Loss=6.428720474243164, Valid ROC AUC=0.4276146891394129/0.4648398258734234
Model=efficientnet-b1-augment, Fold=3 Epoch=3, Train Loss=26.731616973876953, Valid Loss=6.89949893951416, Valid ROC AUC=0.43219109275588785/0.4648398258734234
Model=efficientnet-b1-augment, Fold=3 Epoch=4, Train Loss=26.1102237701416, Valid Loss=6.7781572341918945, Valid ROC AUC=0.529635003906686/0.529635003906686
Model=efficientnet-b1-augment, Fold=3 Epoch=5, Train Loss=25.856481552124023, Valid Loss=6.3432393074035645, Valid ROC AUC=0.6240651858466346/0.6240651858466346
Model=efficientnet-b1-augment, Fold=3 Epoch=6, Train Loss=26.46766471862793, Valid Loss=6.445166110992432, Valid ROC AUC=0.5063065074227033/0.6240651858466346
Model=efficientnet-b1-augment, Fold=3 Epoch=7, Train Loss=25.62425422668457, Valid Loss=6.718989849090576, Valid ROC AUC=0.4458086840049113/0.6240651858466346
Model=efficientnet-b1-augment, Fold=3 Epoch=8, Train Loss=25.62976837158203, Valid Loss=6.55857515335083, Valid ROC AUC=0.4589797968523273/0.6240651858466346
Model=efficientnet-b1-augment, Fold=3 Epoch=9, Train Loss=25.660110473632812, Valid Loss=6.383944988250732, Valid ROC AUC=0.5580980020091528/0.6240651858466346
Model=efficientnet-b1-augment, Fold=3 Epoch=10, Train Loss=25.566600799560547, Valid Loss=6.916104316711426, Valid ROC AUC=0.5452617479629422/0.6240651858466346
Model=efficientnet-b1-augment, Fold=4 Epoch=1, Train Loss=30.049819946289062, Valid Loss=9.361583709716797, Valid ROC AUC=0.496093313985936/0.496093313985936
Model=efficientnet-b1-augment, Fold=4 Epoch=2, Train Loss=26.4471435546875, Valid Loss=6.689465045928955, Valid ROC AUC=0.5067529858243107/0.5067529858243107
Model=efficientnet-b1-augment, Fold=4 Epoch=3, Train Loss=26.248401641845703, Valid Loss=6.533975601196289, Valid ROC AUC=0.5077017524277263/0.5077017524277263
Model=efficientnet-b1-augment, Fold=4 Epoch=4, Train Loss=26.55186653137207, Valid Loss=8.403372764587402, Valid ROC AUC=0.39775644603192317/0.5077017524277263
Model=efficientnet-b1-augment, Fold=4 Epoch=5, Train Loss=25.987770080566406, Valid Loss=6.398283958435059, Valid ROC AUC=0.39401718941846187/0.5077017524277263
Model=efficientnet-b1-augment, Fold=4 Epoch=6, Train Loss=25.583738327026367, Valid Loss=6.551590442657471, Valid ROC AUC=0.4404509431856234/0.5077017524277263
Model=efficientnet-b1-augment, Fold=4 Epoch=7, Train Loss=25.56071662902832, Valid Loss=6.708902835845947, Valid ROC AUC=0.4708114744949213/0.5077017524277263
Model=efficientnet-b1-augment, Fold=4 Epoch=8, Train Loss=25.358999252319336, Valid Loss=7.001554489135742, Valid ROC AUC=0.43207947315548606/0.5077017524277263
Model=efficientnet-b1-augment, Fold=4 Epoch=9, Train Loss=25.488954544067383, Valid Loss=6.677985668182373, Valid ROC AUC=0.4588681772519254/0.5077017524277263
Model=efficientnet-b1-augment, Fold=4 Epoch=10, Train Loss=24.84077262878418, Valid Loss=7.432600498199463, Valid ROC AUC=0.5074227034267218/0.5077017524277263
Model=efficientnet-b1-pretrained, Fold=0 Epoch=1, Train Loss=30.805776596069336, Valid Loss=7.475583553314209, Valid ROC AUC=0.5550574712643679/0.5550574712643679
Model=efficientnet-b1-pretrained, Fold=0 Epoch=2, Train Loss=23.913475036621094, Valid Loss=8.10373592376709, Valid ROC AUC=0.5259770114942528/0.5550574712643679
Model=efficientnet-b1-pretrained, Fold=0 Epoch=3, Train Loss=19.139219284057617, Valid Loss=9.263886451721191, Valid ROC AUC=0.4357471264367816/0.5550574712643679
Model=efficientnet-b1-pretrained, Fold=0 Epoch=4, Train Loss=17.38544464111328, Valid Loss=8.991403579711914, Valid ROC AUC=0.5149425287356322/0.5550574712643679
Model=efficientnet-b1-pretrained, Fold=0 Epoch=5, Train Loss=11.714302062988281, Valid Loss=9.7076416015625, Valid ROC AUC=0.5054022988505747/0.5550574712643679
Model=efficientnet-b1-pretrained, Fold=0 Epoch=6, Train Loss=6.340265274047852, Valid Loss=15.193917274475098, Valid ROC AUC=0.5632183908045978/0.5632183908045978
Model=efficientnet-b1-pretrained, Fold=0 Epoch=7, Train Loss=6.186429500579834, Valid Loss=13.942025184631348, Valid ROC AUC=0.4572413793103448/0.5632183908045978
Model=efficientnet-b1-pretrained, Fold=0 Epoch=8, Train Loss=7.48464822769165, Valid Loss=15.126049041748047, Valid ROC AUC=0.5322988505747126/0.5632183908045978
Model=efficientnet-b1-pretrained, Fold=0 Epoch=9, Train Loss=6.4709343910217285, Valid Loss=11.886488914489746, Valid ROC AUC=0.5110344827586206/0.5632183908045978
Model=efficientnet-b1-pretrained, Fold=0 Epoch=10, Train Loss=4.206832408905029, Valid Loss=15.069878578186035, Valid ROC AUC=0.5310344827586206/0.5632183908045978
Model=efficientnet-b1-pretrained, Fold=1 Epoch=1, Train Loss=30.999967575073242, Valid Loss=7.33547830581665, Valid ROC AUC=0.526398035495033/0.526398035495033
Model=efficientnet-b1-pretrained, Fold=1 Epoch=2, Train Loss=23.412456512451172, Valid Loss=7.5281243324279785, Valid ROC AUC=0.5392342895412435/0.5392342895412435
Model=efficientnet-b1-pretrained, Fold=1 Epoch=3, Train Loss=17.27543830871582, Valid Loss=8.611161231994629, Valid ROC AUC=0.5132269226476169/0.5392342895412435
Model=efficientnet-b1-pretrained, Fold=1 Epoch=4, Train Loss=10.990325927734375, Valid Loss=11.0745267868042, Valid ROC AUC=0.5787476280834914/0.5787476280834914
Model=efficientnet-b1-pretrained, Fold=1 Epoch=5, Train Loss=10.235734939575195, Valid Loss=18.28144073486328, Valid ROC AUC=0.5743944636678201/0.5787476280834914
Model=efficientnet-b1-pretrained, Fold=1 Epoch=6, Train Loss=8.142251968383789, Valid Loss=14.377778053283691, Valid ROC AUC=0.5123339658444023/0.5787476280834914
Model=efficientnet-b1-pretrained, Fold=1 Epoch=7, Train Loss=7.365537166595459, Valid Loss=13.899188995361328, Valid ROC AUC=0.5824310748967518/0.5824310748967518
Model=efficientnet-b1-pretrained, Fold=1 Epoch=8, Train Loss=4.4645609855651855, Valid Loss=17.065902709960938, Valid ROC AUC=0.5563120884027235/0.5824310748967518
Model=efficientnet-b1-pretrained, Fold=1 Epoch=9, Train Loss=4.920931339263916, Valid Loss=14.565616607666016, Valid ROC AUC=0.5361089407299922/0.5824310748967518
Model=efficientnet-b1-pretrained, Fold=1 Epoch=10, Train Loss=2.56442928314209, Valid Loss=15.38794994354248, Valid ROC AUC=0.567808907244112/0.5824310748967518
Model=efficientnet-b1-pretrained, Fold=2 Epoch=1, Train Loss=30.473281860351562, Valid Loss=7.958031177520752, Valid ROC AUC=0.4916843397700636/0.4916843397700636
Model=efficientnet-b1-pretrained, Fold=2 Epoch=2, Train Loss=22.762678146362305, Valid Loss=8.054876327514648, Valid ROC AUC=0.455854448041076/0.4916843397700636
Model=efficientnet-b1-pretrained, Fold=2 Epoch=3, Train Loss=17.921396255493164, Valid Loss=9.747097969055176, Valid ROC AUC=0.45406853443464673/0.4916843397700636
Model=efficientnet-b1-pretrained, Fold=2 Epoch=4, Train Loss=12.997859954833984, Valid Loss=12.000700950622559, Valid ROC AUC=0.571827212858578/0.571827212858578
Model=efficientnet-b1-pretrained, Fold=2 Epoch=5, Train Loss=10.78288459777832, Valid Loss=15.035184860229492, Valid ROC AUC=0.5367786583324032/0.571827212858578
Model=efficientnet-b1-pretrained, Fold=2 Epoch=6, Train Loss=7.0916056632995605, Valid Loss=12.978947639465332, Valid ROC AUC=0.5169103694608773/0.571827212858578
Model=efficientnet-b1-pretrained, Fold=2 Epoch=7, Train Loss=3.777580499649048, Valid Loss=14.209169387817383, Valid ROC AUC=0.5701529188525505/0.571827212858578
Model=efficientnet-b1-pretrained, Fold=2 Epoch=8, Train Loss=4.249449729919434, Valid Loss=14.9683198928833, Valid ROC AUC=0.5731666480634/0.5731666480634
Model=efficientnet-b1-pretrained, Fold=2 Epoch=9, Train Loss=2.8063440322875977, Valid Loss=16.924230575561523, Valid ROC AUC=0.5008371470030137/0.5731666480634
Model=efficientnet-b1-pretrained, Fold=2 Epoch=10, Train Loss=8.44240665435791, Valid Loss=18.753950119018555, Valid ROC AUC=0.5232726866837816/0.5731666480634
Model=efficientnet-b1-pretrained, Fold=3 Epoch=1, Train Loss=30.729080200195312, Valid Loss=7.255041122436523, Valid ROC AUC=0.5020649626074338/0.5020649626074338
Model=efficientnet-b1-pretrained, Fold=3 Epoch=2, Train Loss=24.06841468811035, Valid Loss=8.232099533081055, Valid ROC AUC=0.5551958923987051/0.5551958923987051
Model=efficientnet-b1-pretrained, Fold=3 Epoch=3, Train Loss=18.09600067138672, Valid Loss=9.5238676071167, Valid ROC AUC=0.46087733005915843/0.5551958923987051
Model=efficientnet-b1-pretrained, Fold=3 Epoch=4, Train Loss=13.497190475463867, Valid Loss=12.554423332214355, Valid ROC AUC=0.4463667820069205/0.5551958923987051
Model=efficientnet-b1-pretrained, Fold=3 Epoch=5, Train Loss=9.432252883911133, Valid Loss=16.53497314453125, Valid ROC AUC=0.5431409755553075/0.5551958923987051
Model=efficientnet-b1-pretrained, Fold=3 Epoch=6, Train Loss=7.497066974639893, Valid Loss=16.104270935058594, Valid ROC AUC=0.4445808684004911/0.5551958923987051
Model=efficientnet-b1-pretrained, Fold=3 Epoch=7, Train Loss=3.9921860694885254, Valid Loss=14.386565208435059, Valid ROC AUC=0.5236075454849871/0.5551958923987051
Model=efficientnet-b1-pretrained, Fold=3 Epoch=8, Train Loss=7.6922993659973145, Valid Loss=20.499385833740234, Valid ROC AUC=0.4761692153142092/0.5551958923987051
Model=efficientnet-b1-pretrained, Fold=3 Epoch=9, Train Loss=7.315065383911133, Valid Loss=13.715511322021484, Valid ROC AUC=0.4883357517580087/0.5551958923987051
Model=efficientnet-b1-pretrained, Fold=3 Epoch=10, Train Loss=2.77349591255188, Valid Loss=15.603590965270996, Valid ROC AUC=0.5668043308404956/0.5668043308404956
Model=efficientnet-b1-pretrained, Fold=4 Epoch=1, Train Loss=30.86905288696289, Valid Loss=7.774435997009277, Valid ROC AUC=0.5990623953566245/0.5990623953566245
Model=efficientnet-b1-pretrained, Fold=4 Epoch=2, Train Loss=24.675161361694336, Valid Loss=7.068546295166016, Valid ROC AUC=0.6009599285634557/0.6009599285634557
Model=efficientnet-b1-pretrained, Fold=4 Epoch=3, Train Loss=19.470285415649414, Valid Loss=10.947639465332031, Valid ROC AUC=0.5108829110391784/0.6009599285634557
Model=efficientnet-b1-pretrained, Fold=4 Epoch=4, Train Loss=17.477718353271484, Valid Loss=10.949604988098145, Valid ROC AUC=0.5900212077240764/0.6009599285634557
Model=efficientnet-b1-pretrained, Fold=4 Epoch=5, Train Loss=13.064042091369629, Valid Loss=18.595495223999023, Valid ROC AUC=0.4273914499386092/0.6009599285634557
Model=efficientnet-b1-pretrained, Fold=4 Epoch=6, Train Loss=9.512922286987305, Valid Loss=12.548227310180664, Valid ROC AUC=0.5267328942962384/0.6009599285634557
Model=efficientnet-b1-pretrained, Fold=4 Epoch=7, Train Loss=4.597080707550049, Valid Loss=19.96305274963379, Valid ROC AUC=0.4557428284406742/0.6009599285634557
Model=efficientnet-b1-pretrained, Fold=4 Epoch=8, Train Loss=5.030876636505127, Valid Loss=13.751936912536621, Valid ROC AUC=0.47159281169773415/0.6009599285634557
Model=efficientnet-b1-pretrained, Fold=4 Epoch=9, Train Loss=4.287243843078613, Valid Loss=15.272002220153809, Valid ROC AUC=0.49146110056925996/0.6009599285634557
Model=efficientnet-b1-pretrained, Fold=4 Epoch=10, Train Loss=3.6666078567504883, Valid Loss=20.475879669189453, Valid ROC AUC=0.5249469806898092/0.6009599285634557
Model=efficientnet-b1-pretrained-augment, Fold=0 Epoch=1, Train Loss=31.39897346496582, Valid Loss=6.902588367462158, Valid ROC AUC=0.5508045977011494/0.5508045977011494
Model=efficientnet-b1-pretrained-augment, Fold=0 Epoch=2, Train Loss=24.648651123046875, Valid Loss=7.783228397369385, Valid ROC AUC=0.5264367816091955/0.5508045977011494
Model=efficientnet-b1-pretrained-augment, Fold=0 Epoch=3, Train Loss=18.254697799682617, Valid Loss=10.135078430175781, Valid ROC AUC=0.4793103448275862/0.5508045977011494
Model=efficientnet-b1-pretrained-augment, Fold=0 Epoch=4, Train Loss=13.403157234191895, Valid Loss=10.558213233947754, Valid ROC AUC=0.5382758620689656/0.5508045977011494
Model=efficientnet-b1-pretrained-augment, Fold=0 Epoch=5, Train Loss=8.477890014648438, Valid Loss=12.785717010498047, Valid ROC AUC=0.5609195402298851/0.5609195402298851
Model=efficientnet-b1-pretrained-augment, Fold=0 Epoch=6, Train Loss=6.558841705322266, Valid Loss=11.19715404510498, Valid ROC AUC=0.6234482758620689/0.6234482758620689
Model=efficientnet-b1-pretrained-augment, Fold=0 Epoch=7, Train Loss=6.116076469421387, Valid Loss=19.1872615814209, Valid ROC AUC=0.5313793103448275/0.6234482758620689
Model=efficientnet-b1-pretrained-augment, Fold=0 Epoch=8, Train Loss=4.715382099151611, Valid Loss=13.108717918395996, Valid ROC AUC=0.6248275862068965/0.6248275862068965
Model=efficientnet-b1-pretrained-augment, Fold=0 Epoch=9, Train Loss=1.756160855293274, Valid Loss=13.392393112182617, Valid ROC AUC=0.5433333333333334/0.6248275862068965
Model=efficientnet-b1-pretrained-augment, Fold=0 Epoch=10, Train Loss=5.5522990226745605, Valid Loss=18.046972274780273, Valid ROC AUC=0.4731034482758621/0.6248275862068965
Model=efficientnet-b1-pretrained-augment, Fold=1 Epoch=1, Train Loss=31.971508026123047, Valid Loss=6.636298656463623, Valid ROC AUC=0.5670275700412992/0.5670275700412992
Model=efficientnet-b1-pretrained-augment, Fold=1 Epoch=2, Train Loss=23.878185272216797, Valid Loss=7.262663841247559, Valid ROC AUC=0.5422480187520928/0.5670275700412992
Model=efficientnet-b1-pretrained-augment, Fold=1 Epoch=3, Train Loss=17.715091705322266, Valid Loss=8.61408519744873, Valid ROC AUC=0.6275253934590914/0.6275253934590914
Model=efficientnet-b1-pretrained-augment, Fold=1 Epoch=4, Train Loss=11.512950897216797, Valid Loss=11.060569763183594, Valid ROC AUC=0.7027570041299253/0.7027570041299253
Model=efficientnet-b1-pretrained-augment, Fold=1 Epoch=5, Train Loss=8.461416244506836, Valid Loss=10.600862503051758, Valid ROC AUC=0.6295345462663244/0.7027570041299253
Model=efficientnet-b1-pretrained-augment, Fold=1 Epoch=6, Train Loss=5.689712047576904, Valid Loss=13.195219039916992, Valid ROC AUC=0.6332179930795848/0.7027570041299253
Model=efficientnet-b1-pretrained-augment, Fold=1 Epoch=7, Train Loss=6.073166370391846, Valid Loss=12.102872848510742, Valid ROC AUC=0.555307511999107/0.7027570041299253
Model=efficientnet-b1-pretrained-augment, Fold=1 Epoch=8, Train Loss=4.908962726593018, Valid Loss=11.321728706359863, Valid ROC AUC=0.6759683000334858/0.7027570041299253
Model=efficientnet-b1-pretrained-augment, Fold=1 Epoch=9, Train Loss=2.7940287590026855, Valid Loss=11.51496696472168, Valid ROC AUC=0.6764147784350933/0.7027570041299253
Model=efficientnet-b1-pretrained-augment, Fold=1 Epoch=10, Train Loss=1.9067013263702393, Valid Loss=11.449872970581055, Valid ROC AUC=0.7029802433307288/0.7029802433307288
Model=efficientnet-b1-pretrained-augment, Fold=2 Epoch=1, Train Loss=30.48050308227539, Valid Loss=6.678572654724121, Valid ROC AUC=0.5689251032481304/0.5689251032481304
Model=efficientnet-b1-pretrained-augment, Fold=2 Epoch=2, Train Loss=24.612672805786133, Valid Loss=7.532614707946777, Valid ROC AUC=0.5510659671838374/0.5689251032481304
Model=efficientnet-b1-pretrained-augment, Fold=2 Epoch=3, Train Loss=17.69329833984375, Valid Loss=11.040452003479004, Valid ROC AUC=0.5640138408304498/0.5689251032481304
Model=efficientnet-b1-pretrained-augment, Fold=2 Epoch=4, Train Loss=13.994281768798828, Valid Loss=10.279720306396484, Valid ROC AUC=0.5496149123786137/0.5689251032481304
Model=efficientnet-b1-pretrained-augment, Fold=2 Epoch=5, Train Loss=8.733434677124023, Valid Loss=13.641990661621094, Valid ROC AUC=0.5683670052461213/0.5689251032481304
Model=efficientnet-b1-pretrained-augment, Fold=2 Epoch=6, Train Loss=8.662138938903809, Valid Loss=9.9686918258667, Valid ROC AUC=0.6255162406518584/0.6255162406518584
Model=efficientnet-b1-pretrained-augment, Fold=2 Epoch=7, Train Loss=4.849845886230469, Valid Loss=17.493017196655273, Valid ROC AUC=0.5538564571938833/0.6255162406518584
Model=efficientnet-b1-pretrained-augment, Fold=2 Epoch=8, Train Loss=2.6490612030029297, Valid Loss=13.604713439941406, Valid ROC AUC=0.5397923875432526/0.6255162406518584
Model=efficientnet-b1-pretrained-augment, Fold=2 Epoch=9, Train Loss=4.424790382385254, Valid Loss=14.985997200012207, Valid ROC AUC=0.5993972541578301/0.6255162406518584
Model=efficientnet-b1-pretrained-augment, Fold=2 Epoch=10, Train Loss=3.7402024269104004, Valid Loss=11.059992790222168, Valid ROC AUC=0.6513003683446813/0.6513003683446813
Model=efficientnet-b1-pretrained-augment, Fold=3 Epoch=1, Train Loss=31.677127838134766, Valid Loss=7.2058329582214355, Valid ROC AUC=0.5181381850652975/0.5181381850652975
Model=efficientnet-b1-pretrained-augment, Fold=3 Epoch=2, Train Loss=22.68044090270996, Valid Loss=8.546540260314941, Valid ROC AUC=0.5885701529188525/0.5885701529188525
Model=efficientnet-b1-pretrained-augment, Fold=3 Epoch=3, Train Loss=16.81696128845215, Valid Loss=5.7997636795043945, Valid ROC AUC=0.8095769617144771/0.8095769617144771
Model=efficientnet-b1-pretrained-augment, Fold=3 Epoch=4, Train Loss=11.233705520629883, Valid Loss=9.32690143585205, Valid ROC AUC=0.707445027346802/0.8095769617144771
Model=efficientnet-b1-pretrained-augment, Fold=3 Epoch=5, Train Loss=5.31674861907959, Valid Loss=9.688358306884766, Valid ROC AUC=0.7100122781560442/0.8095769617144771
Model=efficientnet-b1-pretrained-augment, Fold=3 Epoch=6, Train Loss=5.033402442932129, Valid Loss=9.353574752807617, Valid ROC AUC=0.7315548610335976/0.8095769617144771
Model=efficientnet-b1-pretrained-augment, Fold=3 Epoch=7, Train Loss=4.202781677246094, Valid Loss=9.288459777832031, Valid ROC AUC=0.7485210402946757/0.8095769617144771
Model=efficientnet-b1-pretrained-augment, Fold=3 Epoch=8, Train Loss=9.831883430480957, Valid Loss=7.02480936050415, Valid ROC AUC=0.7831231164192433/0.8095769617144771
Model=efficientnet-b1-pretrained-augment, Fold=3 Epoch=9, Train Loss=3.0045981407165527, Valid Loss=7.187938213348389, Valid ROC AUC=0.8624846523049446/0.8624846523049446
Model=efficientnet-b1-pretrained-augment, Fold=3 Epoch=10, Train Loss=1.8252243995666504, Valid Loss=7.515302658081055, Valid ROC AUC=0.8212970197566694/0.8624846523049446
Model=efficientnet-b1-pretrained-augment, Fold=4 Epoch=1, Train Loss=30.48281478881836, Valid Loss=7.625770568847656, Valid ROC AUC=0.29701975666927116/0.29701975666927116
Model=efficientnet-b1-pretrained-augment, Fold=4 Epoch=2, Train Loss=24.135013580322266, Valid Loss=9.055047988891602, Valid ROC AUC=0.4801875209286751/0.4801875209286751
Model=efficientnet-b1-pretrained-augment, Fold=4 Epoch=3, Train Loss=17.771738052368164, Valid Loss=8.692375183105469, Valid ROC AUC=0.6319901774751646/0.6319901774751646
Model=efficientnet-b1-pretrained-augment, Fold=4 Epoch=4, Train Loss=13.87166976928711, Valid Loss=8.94033432006836, Valid ROC AUC=0.6875767384752762/0.6875767384752762
Model=efficientnet-b1-pretrained-augment, Fold=4 Epoch=5, Train Loss=6.222057342529297, Valid Loss=11.561873435974121, Valid ROC AUC=0.6300926442683334/0.6875767384752762
Model=efficientnet-b1-pretrained-augment, Fold=4 Epoch=6, Train Loss=5.4149017333984375, Valid Loss=12.718462944030762, Valid ROC AUC=0.636343341890836/0.6875767384752762
Model=efficientnet-b1-pretrained-augment, Fold=4 Epoch=7, Train Loss=5.704496383666992, Valid Loss=16.557937622070312, Valid ROC AUC=0.5192543810693158/0.6875767384752762
Model=efficientnet-b1-pretrained-augment, Fold=4 Epoch=8, Train Loss=5.046952724456787, Valid Loss=10.917044639587402, Valid ROC AUC=0.6770844960375042/0.6875767384752762
Model=efficientnet-b1-pretrained-augment, Fold=4 Epoch=9, Train Loss=4.622372627258301, Valid Loss=10.582481384277344, Valid ROC AUC=0.6972876437102354/0.6972876437102354
Model=efficientnet-b1-pretrained-augment, Fold=4 Epoch=10, Train Loss=3.941620349884033, Valid Loss=16.302772521972656, Valid ROC AUC=0.670610559214198/0.6972876437102354
Model=efficientnet-b3, Fold=0 Epoch=1, Train Loss=30.860822677612305, Valid Loss=7.592595100402832, Valid ROC AUC=0.5/0.5
Model=efficientnet-b3, Fold=0 Epoch=2, Train Loss=26.81468963623047, Valid Loss=6.276097297668457, Valid ROC AUC=0.503448275862069/0.503448275862069
Model=efficientnet-b3, Fold=0 Epoch=3, Train Loss=27.206708908081055, Valid Loss=6.4123029708862305, Valid ROC AUC=0.5178735632183908/0.5178735632183908
Model=efficientnet-b3, Fold=0 Epoch=4, Train Loss=25.945703506469727, Valid Loss=6.2569427490234375, Valid ROC AUC=0.47563218390804596/0.5178735632183908
Model=efficientnet-b3, Fold=0 Epoch=5, Train Loss=26.854658126831055, Valid Loss=6.279526233673096, Valid ROC AUC=0.6091954022988506/0.6091954022988506
Model=efficientnet-b3, Fold=0 Epoch=6, Train Loss=25.85186004638672, Valid Loss=6.414661884307861, Valid ROC AUC=0.5671264367816092/0.6091954022988506
Model=efficientnet-b3, Fold=0 Epoch=7, Train Loss=26.107004165649414, Valid Loss=6.352662086486816, Valid ROC AUC=0.49195402298850577/0.6091954022988506
Model=efficientnet-b3, Fold=0 Epoch=8, Train Loss=25.59787940979004, Valid Loss=6.449557781219482, Valid ROC AUC=0.42770114942528736/0.6091954022988506
Model=efficientnet-b3, Fold=0 Epoch=9, Train Loss=25.8854923248291, Valid Loss=6.192732334136963, Valid ROC AUC=0.6111494252873564/0.6111494252873564
Model=efficientnet-b3, Fold=0 Epoch=10, Train Loss=25.435413360595703, Valid Loss=6.439700126647949, Valid ROC AUC=0.5442528735632184/0.6111494252873564
Model=efficientnet-b3, Fold=1 Epoch=1, Train Loss=31.62726402282715, Valid Loss=7.754091739654541, Valid ROC AUC=0.48788927335640137/0.48788927335640137
Model=efficientnet-b3, Fold=1 Epoch=2, Train Loss=26.55386734008789, Valid Loss=6.579470634460449, Valid ROC AUC=0.47466235070878443/0.48788927335640137
Model=efficientnet-b3, Fold=1 Epoch=3, Train Loss=26.908945083618164, Valid Loss=6.365657329559326, Valid ROC AUC=0.4839825873423373/0.48788927335640137
Model=efficientnet-b3, Fold=1 Epoch=4, Train Loss=26.502452850341797, Valid Loss=6.3742265701293945, Valid ROC AUC=0.4648956356736243/0.48788927335640137
Model=efficientnet-b3, Fold=1 Epoch=5, Train Loss=25.711774826049805, Valid Loss=6.365357398986816, Valid ROC AUC=0.6092197789931912/0.6092197789931912
Model=efficientnet-b3, Fold=1 Epoch=6, Train Loss=25.667978286743164, Valid Loss=6.542258262634277, Valid ROC AUC=0.49592588458533315/0.6092197789931912
Model=efficientnet-b3, Fold=1 Epoch=7, Train Loss=25.90110206604004, Valid Loss=6.516980171203613, Valid ROC AUC=0.5134501618484206/0.6092197789931912
Model=efficientnet-b3, Fold=1 Epoch=8, Train Loss=25.18366050720215, Valid Loss=6.448152542114258, Valid ROC AUC=0.5143431186516352/0.6092197789931912
Model=efficientnet-b3, Fold=1 Epoch=9, Train Loss=25.456130981445312, Valid Loss=6.68414831161499, Valid ROC AUC=0.5133385422480188/0.6092197789931912
Model=efficientnet-b3, Fold=1 Epoch=10, Train Loss=25.03692054748535, Valid Loss=6.763779163360596, Valid ROC AUC=0.45663578524388887/0.6092197789931912
Model=efficientnet-b3, Fold=2 Epoch=1, Train Loss=30.351428985595703, Valid Loss=9.188298225402832, Valid ROC AUC=0.5201473378725304/0.5201473378725304
Model=efficientnet-b3, Fold=2 Epoch=2, Train Loss=27.765045166015625, Valid Loss=6.375781536102295, Valid ROC AUC=0.4491014622167653/0.5201473378725304
Model=efficientnet-b3, Fold=2 Epoch=3, Train Loss=27.437850952148438, Valid Loss=6.3988037109375, Valid ROC AUC=0.4998325705993973/0.5201473378725304
Model=efficientnet-b3, Fold=2 Epoch=4, Train Loss=26.466529846191406, Valid Loss=6.3674187660217285, Valid ROC AUC=0.47494139970978905/0.5201473378725304
Model=efficientnet-b3, Fold=2 Epoch=5, Train Loss=26.82955551147461, Valid Loss=6.404512882232666, Valid ROC AUC=0.6022993637682776/0.6022993637682776
Model=efficientnet-b3, Fold=2 Epoch=6, Train Loss=25.76206398010254, Valid Loss=7.809296131134033, Valid ROC AUC=0.4718160508985378/0.6022993637682776
Model=efficientnet-b3, Fold=2 Epoch=7, Train Loss=26.305744171142578, Valid Loss=11.843742370605469, Valid ROC AUC=0.4391115079808014/0.6022993637682776
Model=efficientnet-b3, Fold=2 Epoch=8, Train Loss=26.138427734375, Valid Loss=23.834640502929688, Valid ROC AUC=0.5242772630873982/0.6022993637682776
Model=efficientnet-b3, Fold=2 Epoch=9, Train Loss=25.974037170410156, Valid Loss=8.142409324645996, Valid ROC AUC=0.49291215537448374/0.6022993637682776
Model=efficientnet-b3, Fold=2 Epoch=10, Train Loss=25.540626525878906, Valid Loss=8.11983585357666, Valid ROC AUC=0.5112177698403839/0.6022993637682776
Model=efficientnet-b3, Fold=3 Epoch=1, Train Loss=30.720426559448242, Valid Loss=7.924007415771484, Valid ROC AUC=0.5274026118986493/0.5274026118986493
Model=efficientnet-b3, Fold=3 Epoch=2, Train Loss=28.01009178161621, Valid Loss=6.4439544677734375, Valid ROC AUC=0.5186962830673066/0.5274026118986493
Model=efficientnet-b3, Fold=3 Epoch=3, Train Loss=26.755483627319336, Valid Loss=6.51134729385376, Valid ROC AUC=0.629757785467128/0.629757785467128
Model=efficientnet-b3, Fold=3 Epoch=4, Train Loss=26.56549835205078, Valid Loss=6.604648590087891, Valid ROC AUC=0.37811139636120106/0.629757785467128
Model=efficientnet-b3, Fold=3 Epoch=5, Train Loss=26.7193546295166, Valid Loss=6.5077595710754395, Valid ROC AUC=0.4605982810581538/0.629757785467128
Model=efficientnet-b3, Fold=3 Epoch=6, Train Loss=26.925914764404297, Valid Loss=6.337864875793457, Valid ROC AUC=0.4824199129367117/0.629757785467128
Model=efficientnet-b3, Fold=3 Epoch=7, Train Loss=26.212360382080078, Valid Loss=6.494353771209717, Valid ROC AUC=0.4609889496595602/0.629757785467128
Model=efficientnet-b3, Fold=3 Epoch=8, Train Loss=26.052623748779297, Valid Loss=6.278029441833496, Valid ROC AUC=0.5547494139970979/0.629757785467128
Model=efficientnet-b3, Fold=3 Epoch=9, Train Loss=25.8016300201416, Valid Loss=6.386280536651611, Valid ROC AUC=0.5134501618484206/0.629757785467128
Model=efficientnet-b3, Fold=3 Epoch=10, Train Loss=25.712100982666016, Valid Loss=13.371502876281738, Valid ROC AUC=0.42794954794061835/0.629757785467128
Model=efficientnet-b3, Fold=4 Epoch=1, Train Loss=30.697914123535156, Valid Loss=7.919509410858154, Valid ROC AUC=0.5/0.5
Model=efficientnet-b3, Fold=4 Epoch=2, Train Loss=27.2213191986084, Valid Loss=6.410738945007324, Valid ROC AUC=0.4970978903895524/0.5
Model=efficientnet-b3, Fold=4 Epoch=3, Train Loss=26.717689514160156, Valid Loss=6.40203857421875, Valid ROC AUC=0.4405067529858242/0.5
Model=efficientnet-b3, Fold=4 Epoch=4, Train Loss=26.674564361572266, Valid Loss=6.517508506774902, Valid ROC AUC=0.44932470141756886/0.5
Model=efficientnet-b3, Fold=4 Epoch=5, Train Loss=25.843706130981445, Valid Loss=6.434497356414795, Valid ROC AUC=0.4133273802879786/0.5
Model=efficientnet-b3, Fold=4 Epoch=6, Train Loss=25.901643753051758, Valid Loss=9.190869331359863, Valid ROC AUC=0.4988279941957808/0.5
Model=efficientnet-b3, Fold=4 Epoch=7, Train Loss=25.932331085205078, Valid Loss=7.136107444763184, Valid ROC AUC=0.5472709007701753/0.5472709007701753
Model=efficientnet-b3, Fold=4 Epoch=8, Train Loss=26.287437438964844, Valid Loss=10.11306095123291, Valid ROC AUC=0.3875432525951557/0.5472709007701753
Model=efficientnet-b3, Fold=4 Epoch=9, Train Loss=25.776569366455078, Valid Loss=15.448627471923828, Valid ROC AUC=0.4519477620270119/0.5472709007701753
Model=efficientnet-b3, Fold=4 Epoch=10, Train Loss=26.266996383666992, Valid Loss=7.7555742263793945, Valid ROC AUC=0.4338653867619154/0.5472709007701753
Model=efficientnet-b3-augment, Fold=0 Epoch=1, Train Loss=31.367294311523438, Valid Loss=7.170588970184326, Valid ROC AUC=0.4718390804597701/0.4718390804597701
Model=efficientnet-b3-augment, Fold=0 Epoch=2, Train Loss=27.245065689086914, Valid Loss=6.385847091674805, Valid ROC AUC=0.49896551724137933/0.49896551724137933
Model=efficientnet-b3-augment, Fold=0 Epoch=3, Train Loss=25.87653350830078, Valid Loss=6.224991321563721, Valid ROC AUC=0.5400574712643679/0.5400574712643679
Model=efficientnet-b3-augment, Fold=0 Epoch=4, Train Loss=26.92129898071289, Valid Loss=6.226620674133301, Valid ROC AUC=0.5478160919540229/0.5478160919540229
Model=efficientnet-b3-augment, Fold=0 Epoch=5, Train Loss=25.966707229614258, Valid Loss=6.197680473327637, Valid ROC AUC=0.5922988505747127/0.5922988505747127
Model=efficientnet-b3-augment, Fold=0 Epoch=6, Train Loss=25.86789894104004, Valid Loss=6.633709907531738, Valid ROC AUC=0.45264367816091955/0.5922988505747127
Model=efficientnet-b3-augment, Fold=0 Epoch=7, Train Loss=25.89553451538086, Valid Loss=6.7821526527404785, Valid ROC AUC=0.4301149425287356/0.5922988505747127
Model=efficientnet-b3-augment, Fold=0 Epoch=8, Train Loss=25.85525131225586, Valid Loss=6.468869209289551, Valid ROC AUC=0.4611494252873563/0.5922988505747127
Model=efficientnet-b3-augment, Fold=0 Epoch=9, Train Loss=25.6827449798584, Valid Loss=6.396975040435791, Valid ROC AUC=0.4981609195402299/0.5922988505747127
Model=efficientnet-b3-augment, Fold=0 Epoch=10, Train Loss=25.103282928466797, Valid Loss=6.352689743041992, Valid ROC AUC=0.5151724137931034/0.5922988505747127
Model=efficientnet-b3-augment, Fold=1 Epoch=1, Train Loss=30.952342987060547, Valid Loss=7.59335994720459, Valid ROC AUC=0.5051903114186851/0.5051903114186851
Model=efficientnet-b3-augment, Fold=1 Epoch=2, Train Loss=26.86975860595703, Valid Loss=6.601107120513916, Valid ROC AUC=0.4462551624065187/0.5051903114186851
Model=efficientnet-b3-augment, Fold=1 Epoch=3, Train Loss=26.6348934173584, Valid Loss=6.699033737182617, Valid ROC AUC=0.45881236745172455/0.5051903114186851
Model=efficientnet-b3-augment, Fold=1 Epoch=4, Train Loss=25.909652709960938, Valid Loss=7.061328887939453, Valid ROC AUC=0.4464225918071214/0.5051903114186851
Model=efficientnet-b3-augment, Fold=1 Epoch=5, Train Loss=26.133054733276367, Valid Loss=6.428184509277344, Valid ROC AUC=0.45624511664248235/0.5051903114186851
Model=efficientnet-b3-augment, Fold=1 Epoch=6, Train Loss=25.779582977294922, Valid Loss=6.518415927886963, Valid ROC AUC=0.49447482978010937/0.5051903114186851
Model=efficientnet-b3-augment, Fold=1 Epoch=7, Train Loss=25.568687438964844, Valid Loss=7.576645851135254, Valid ROC AUC=0.5501730103806228/0.5501730103806228
Model=efficientnet-b3-augment, Fold=1 Epoch=8, Train Loss=26.486562728881836, Valid Loss=8.842915534973145, Valid ROC AUC=0.5048554526174795/0.5501730103806228
Model=efficientnet-b3-augment, Fold=1 Epoch=9, Train Loss=26.31032943725586, Valid Loss=6.742096900939941, Valid ROC AUC=0.4827547717379172/0.5501730103806228
Model=efficientnet-b3-augment, Fold=1 Epoch=10, Train Loss=25.399930953979492, Valid Loss=6.988139629364014, Valid ROC AUC=0.5029579194106485/0.5501730103806228
Model=efficientnet-b3-augment, Fold=2 Epoch=1, Train Loss=31.30584716796875, Valid Loss=9.318532943725586, Valid ROC AUC=0.5086505190311419/0.5086505190311419
Model=efficientnet-b3-augment, Fold=2 Epoch=2, Train Loss=27.273744583129883, Valid Loss=7.014044284820557, Valid ROC AUC=0.5034602076124568/0.5086505190311419
Model=efficientnet-b3-augment, Fold=2 Epoch=3, Train Loss=26.48712158203125, Valid Loss=6.403736114501953, Valid ROC AUC=0.5630650742270342/0.5630650742270342
Model=efficientnet-b3-augment, Fold=2 Epoch=4, Train Loss=26.250518798828125, Valid Loss=6.501817226409912, Valid ROC AUC=0.5334858801205492/0.5630650742270342
Model=efficientnet-b3-augment, Fold=2 Epoch=5, Train Loss=26.288400650024414, Valid Loss=6.527259826660156, Valid ROC AUC=0.554079696394687/0.5630650742270342
Model=efficientnet-b3-augment, Fold=2 Epoch=6, Train Loss=25.84164047241211, Valid Loss=6.566281318664551, Valid ROC AUC=0.5349927447259739/0.5630650742270342
Model=efficientnet-b3-augment, Fold=2 Epoch=7, Train Loss=25.717838287353516, Valid Loss=6.504200458526611, Valid ROC AUC=0.49905123339658447/0.5630650742270342
Model=efficientnet-b3-augment, Fold=2 Epoch=8, Train Loss=25.81330108642578, Valid Loss=6.343288898468018, Valid ROC AUC=0.5497265319790154/0.5630650742270342
Model=efficientnet-b3-augment, Fold=2 Epoch=9, Train Loss=25.92805290222168, Valid Loss=6.468479156494141, Valid ROC AUC=0.5572050452059382/0.5630650742270342
Model=efficientnet-b3-augment, Fold=2 Epoch=10, Train Loss=25.834653854370117, Valid Loss=6.371023178100586, Valid ROC AUC=0.5484987163745954/0.5630650742270342
Model=efficientnet-b3-augment, Fold=3 Epoch=1, Train Loss=30.22089958190918, Valid Loss=8.305187225341797, Valid ROC AUC=0.5066971760241098/0.5066971760241098
Model=efficientnet-b3-augment, Fold=3 Epoch=2, Train Loss=26.83104133605957, Valid Loss=6.742977619171143, Valid ROC AUC=0.47644826431521375/0.5066971760241098
Model=efficientnet-b3-augment, Fold=3 Epoch=3, Train Loss=26.804386138916016, Valid Loss=6.5300421714782715, Valid ROC AUC=0.42806116754102025/0.5066971760241098
Model=efficientnet-b3-augment, Fold=3 Epoch=4, Train Loss=26.097917556762695, Valid Loss=6.366386413574219, Valid ROC AUC=0.4723183391003461/0.5066971760241098
Model=efficientnet-b3-augment, Fold=3 Epoch=5, Train Loss=26.170095443725586, Valid Loss=6.3848652839660645, Valid ROC AUC=0.5060832682218998/0.5066971760241098
Model=efficientnet-b3-augment, Fold=3 Epoch=6, Train Loss=26.058809280395508, Valid Loss=6.432334899902344, Valid ROC AUC=0.5242772630873982/0.5242772630873982
Model=efficientnet-b3-augment, Fold=3 Epoch=7, Train Loss=25.918827056884766, Valid Loss=6.46599817276001, Valid ROC AUC=0.5190311418685121/0.5242772630873982
Model=efficientnet-b3-augment, Fold=3 Epoch=8, Train Loss=26.002246856689453, Valid Loss=6.488883972167969, Valid ROC AUC=0.4425717155932582/0.5242772630873982
Model=efficientnet-b3-augment, Fold=3 Epoch=9, Train Loss=25.204214096069336, Valid Loss=6.371430397033691, Valid ROC AUC=0.5766268556758567/0.5766268556758567
Model=efficientnet-b3-augment, Fold=3 Epoch=10, Train Loss=25.560148239135742, Valid Loss=6.563425064086914, Valid ROC AUC=0.5432525951557093/0.5766268556758567
Model=efficientnet-b3-augment, Fold=4 Epoch=1, Train Loss=31.50688362121582, Valid Loss=8.30468463897705, Valid ROC AUC=0.5203705770733341/0.5203705770733341
Model=efficientnet-b3-augment, Fold=4 Epoch=2, Train Loss=27.659875869750977, Valid Loss=6.433124542236328, Valid ROC AUC=0.5018417234066301/0.5203705770733341
Model=efficientnet-b3-augment, Fold=4 Epoch=3, Train Loss=26.6824893951416, Valid Loss=6.526977062225342, Valid ROC AUC=0.49218662797187185/0.5203705770733341
Model=efficientnet-b3-augment, Fold=4 Epoch=4, Train Loss=25.87189292907715, Valid Loss=6.515397071838379, Valid ROC AUC=0.5836588905011719/0.5836588905011719
Model=efficientnet-b3-augment, Fold=4 Epoch=5, Train Loss=25.995670318603516, Valid Loss=7.457332134246826, Valid ROC AUC=0.44659002120772406/0.5836588905011719
Model=efficientnet-b3-augment, Fold=4 Epoch=6, Train Loss=26.067340850830078, Valid Loss=6.562349796295166, Valid ROC AUC=0.5378948543364215/0.5836588905011719
Model=efficientnet-b3-augment, Fold=4 Epoch=7, Train Loss=25.78666877746582, Valid Loss=6.762307643890381, Valid ROC AUC=0.5347695055251701/0.5836588905011719
Model=efficientnet-b3-augment, Fold=4 Epoch=8, Train Loss=25.866329193115234, Valid Loss=6.417282581329346, Valid ROC AUC=0.5440339323585222/0.5836588905011719
Model=efficientnet-b3-augment, Fold=4 Epoch=9, Train Loss=25.512065887451172, Valid Loss=6.248714447021484, Valid ROC AUC=0.6066525281839491/0.6066525281839491
Model=efficientnet-b3-augment, Fold=4 Epoch=10, Train Loss=25.141754150390625, Valid Loss=6.258702278137207, Valid ROC AUC=0.5899095881236744/0.6066525281839491
Model=efficientnet-b3-pretrained, Fold=0 Epoch=1, Train Loss=30.255455017089844, Valid Loss=7.435920715332031, Valid ROC AUC=0.5664367816091954/0.5664367816091954
Model=efficientnet-b3-pretrained, Fold=0 Epoch=2, Train Loss=21.64225959777832, Valid Loss=10.34584903717041, Valid ROC AUC=0.4749425287356322/0.5664367816091954
Model=efficientnet-b3-pretrained, Fold=0 Epoch=3, Train Loss=15.319851875305176, Valid Loss=14.8031587600708, Valid ROC AUC=0.5656321839080459/0.5664367816091954
Model=efficientnet-b3-pretrained, Fold=0 Epoch=4, Train Loss=11.823579788208008, Valid Loss=14.025397300720215, Valid ROC AUC=0.5389655172413793/0.5664367816091954
Model=efficientnet-b3-pretrained, Fold=0 Epoch=5, Train Loss=7.546396732330322, Valid Loss=11.043168067932129, Valid ROC AUC=0.5735632183908046/0.5735632183908046
Model=efficientnet-b3-pretrained, Fold=0 Epoch=6, Train Loss=5.811967849731445, Valid Loss=12.25827407836914, Valid ROC AUC=0.5582758620689655/0.5735632183908046
Model=efficientnet-b3-pretrained, Fold=0 Epoch=7, Train Loss=4.8011794090271, Valid Loss=12.652015686035156, Valid ROC AUC=0.6258620689655173/0.6258620689655173
Model=efficientnet-b3-pretrained, Fold=0 Epoch=8, Train Loss=4.649334907531738, Valid Loss=13.76179313659668, Valid ROC AUC=0.5665517241379311/0.6258620689655173
Model=efficientnet-b3-pretrained, Fold=0 Epoch=9, Train Loss=4.420062065124512, Valid Loss=11.464774131774902, Valid ROC AUC=0.6228735632183908/0.6258620689655173
Model=efficientnet-b3-pretrained, Fold=0 Epoch=10, Train Loss=2.821457624435425, Valid Loss=15.030630111694336, Valid ROC AUC=0.5639080459770115/0.6258620689655173
Model=efficientnet-b3-pretrained, Fold=1 Epoch=1, Train Loss=30.031190872192383, Valid Loss=6.171919345855713, Valid ROC AUC=0.6238419466458309/0.6238419466458309
Model=efficientnet-b3-pretrained, Fold=1 Epoch=2, Train Loss=23.00750160217285, Valid Loss=7.075730800628662, Valid ROC AUC=0.6220560330394017/0.6238419466458309
Model=efficientnet-b3-pretrained, Fold=1 Epoch=3, Train Loss=19.475818634033203, Valid Loss=8.851349830627441, Valid ROC AUC=0.554637794396696/0.6238419466458309
Model=efficientnet-b3-pretrained, Fold=1 Epoch=4, Train Loss=11.303101539611816, Valid Loss=12.33238697052002, Valid ROC AUC=0.5479406183725862/0.6238419466458309
Model=efficientnet-b3-pretrained, Fold=1 Epoch=5, Train Loss=8.139580726623535, Valid Loss=10.783881187438965, Valid ROC AUC=0.6431521375153477/0.6431521375153477
Model=efficientnet-b3-pretrained, Fold=1 Epoch=6, Train Loss=5.425838470458984, Valid Loss=12.683563232421875, Valid ROC AUC=0.5394575287420471/0.6431521375153477
Model=efficientnet-b3-pretrained, Fold=1 Epoch=7, Train Loss=5.58937406539917, Valid Loss=9.955360412597656, Valid ROC AUC=0.6423708003125348/0.6431521375153477
Model=efficientnet-b3-pretrained, Fold=1 Epoch=8, Train Loss=4.487795352935791, Valid Loss=12.283437728881836, Valid ROC AUC=0.607991963388771/0.6431521375153477
Model=efficientnet-b3-pretrained, Fold=1 Epoch=9, Train Loss=3.523970603942871, Valid Loss=11.831141471862793, Valid ROC AUC=0.6757450608326823/0.6757450608326823
Model=efficientnet-b3-pretrained, Fold=1 Epoch=10, Train Loss=2.580720901489258, Valid Loss=14.27252197265625, Valid ROC AUC=0.6316553186739592/0.6757450608326823
Model=efficientnet-b3-pretrained, Fold=2 Epoch=1, Train Loss=30.886865615844727, Valid Loss=6.730784893035889, Valid ROC AUC=0.5150128362540463/0.5150128362540463
Model=efficientnet-b3-pretrained, Fold=2 Epoch=2, Train Loss=22.416440963745117, Valid Loss=9.66683292388916, Valid ROC AUC=0.45217100122781556/0.5150128362540463
Model=efficientnet-b3-pretrained, Fold=2 Epoch=3, Train Loss=15.262164115905762, Valid Loss=12.676264762878418, Valid ROC AUC=0.5499497711798191/0.5499497711798191
Model=efficientnet-b3-pretrained, Fold=2 Epoch=4, Train Loss=11.691388130187988, Valid Loss=10.361651420593262, Valid ROC AUC=0.6363433418908361/0.6363433418908361
Model=efficientnet-b3-pretrained, Fold=2 Epoch=5, Train Loss=8.615906715393066, Valid Loss=13.22086238861084, Valid ROC AUC=0.5459314655653532/0.6363433418908361
Model=efficientnet-b3-pretrained, Fold=2 Epoch=6, Train Loss=6.600091457366943, Valid Loss=13.143324851989746, Valid ROC AUC=0.5108829110391785/0.6363433418908361
Model=efficientnet-b3-pretrained, Fold=2 Epoch=7, Train Loss=3.027000904083252, Valid Loss=13.27255916595459, Valid ROC AUC=0.5228262082821743/0.6363433418908361
Model=efficientnet-b3-pretrained, Fold=2 Epoch=8, Train Loss=3.9102065563201904, Valid Loss=13.536859512329102, Valid ROC AUC=0.5068646054247126/0.6363433418908361
Model=efficientnet-b3-pretrained, Fold=2 Epoch=9, Train Loss=1.836184024810791, Valid Loss=16.84149932861328, Valid ROC AUC=0.4733787253041634/0.6363433418908361
Model=efficientnet-b3-pretrained, Fold=2 Epoch=10, Train Loss=4.248830318450928, Valid Loss=13.889739036560059, Valid ROC AUC=0.5329835919187409/0.6363433418908361
Model=efficientnet-b3-pretrained, Fold=3 Epoch=1, Train Loss=31.017488479614258, Valid Loss=6.934617519378662, Valid ROC AUC=0.4609889496595603/0.4609889496595603
Model=efficientnet-b3-pretrained, Fold=3 Epoch=2, Train Loss=22.205766677856445, Valid Loss=10.129899024963379, Valid ROC AUC=0.449268891617368/0.4609889496595603
Model=efficientnet-b3-pretrained, Fold=3 Epoch=3, Train Loss=15.68033218383789, Valid Loss=11.89240837097168, Valid ROC AUC=0.4689139412880902/0.4689139412880902
Model=efficientnet-b3-pretrained, Fold=3 Epoch=4, Train Loss=11.631014823913574, Valid Loss=11.665382385253906, Valid ROC AUC=0.5511775867842394/0.5511775867842394
Model=efficientnet-b3-pretrained, Fold=3 Epoch=5, Train Loss=6.917982578277588, Valid Loss=13.650537490844727, Valid ROC AUC=0.5117758678423932/0.5511775867842394
Model=efficientnet-b3-pretrained, Fold=3 Epoch=6, Train Loss=5.052204132080078, Valid Loss=13.670278549194336, Valid ROC AUC=0.4971537001897533/0.5511775867842394
Model=efficientnet-b3-pretrained, Fold=3 Epoch=7, Train Loss=4.055459499359131, Valid Loss=18.4842529296875, Valid ROC AUC=0.49201919857126913/0.5511775867842394
Model=efficientnet-b3-pretrained, Fold=3 Epoch=8, Train Loss=4.789162635803223, Valid Loss=17.85904884338379, Valid ROC AUC=0.5266212746958365/0.5511775867842394
Model=efficientnet-b3-pretrained, Fold=3 Epoch=9, Train Loss=5.337036609649658, Valid Loss=16.083982467651367, Valid ROC AUC=0.5378948543364215/0.5511775867842394
Model=efficientnet-b3-pretrained, Fold=3 Epoch=10, Train Loss=2.404494285583496, Valid Loss=16.208908081054688, Valid ROC AUC=0.5545261747962942/0.5545261747962942
Model=efficientnet-b3-pretrained, Fold=4 Epoch=1, Train Loss=29.97743034362793, Valid Loss=6.598356246948242, Valid ROC AUC=0.5326487331175355/0.5326487331175355
Model=efficientnet-b3-pretrained, Fold=4 Epoch=2, Train Loss=21.49686622619629, Valid Loss=13.198261260986328, Valid ROC AUC=0.46779774528407186/0.5326487331175355
Model=efficientnet-b3-pretrained, Fold=4 Epoch=3, Train Loss=16.37699317932129, Valid Loss=9.107752799987793, Valid ROC AUC=0.4897868065632325/0.5326487331175355
Model=efficientnet-b3-pretrained, Fold=4 Epoch=4, Train Loss=12.197232246398926, Valid Loss=13.18478012084961, Valid ROC AUC=0.5801986828887153/0.5801986828887153
Model=efficientnet-b3-pretrained, Fold=4 Epoch=5, Train Loss=6.472904682159424, Valid Loss=11.743776321411133, Valid ROC AUC=0.5162406518584663/0.5801986828887153
Model=efficientnet-b3-pretrained, Fold=4 Epoch=6, Train Loss=3.8002538681030273, Valid Loss=12.773395538330078, Valid ROC AUC=0.5518473043866503/0.5801986828887153
Model=efficientnet-b3-pretrained, Fold=4 Epoch=7, Train Loss=6.782571315765381, Valid Loss=14.007108688354492, Valid ROC AUC=0.5814264984931353/0.5814264984931353
Model=efficientnet-b3-pretrained, Fold=4 Epoch=8, Train Loss=4.654894828796387, Valid Loss=12.912631034851074, Valid ROC AUC=0.6244000446478402/0.6244000446478402
Model=efficientnet-b3-pretrained, Fold=4 Epoch=9, Train Loss=2.597440481185913, Valid Loss=13.245855331420898, Valid ROC AUC=0.5807567808907244/0.6244000446478402
Model=efficientnet-b3-pretrained, Fold=4 Epoch=10, Train Loss=3.2713093757629395, Valid Loss=13.029047012329102, Valid ROC AUC=0.5618930684228151/0.6244000446478402
